<?xml version="1.0" encoding="UTF-8"?>
<!-- Generated by org.testng.reporters.JUnitReportReporter -->
<testsuite hostname="DESKTOP-6G9M66L" failures="0" tests="1" name="com.myshop.testcases.TC01VerifyLoginPage" time="48.885" errors="0" timestamp="2023-07-26T09:46:02 IST" skipped="0">
  <testcase classname="com.myshop.testcases.TC01VerifyLoginPage" name="loginTest" time="48.885"/>
  <system-out/>
</testsuite> <!-- com.myshop.testcases.TC01VerifyLoginPage -->
