<?xml version="1.0" encoding="UTF-8"?>
<!-- Generated by org.testng.reporters.JUnitReportReporter -->
<testsuite hostname="DESKTOP-6G9M66L" failures="0" tests="1" name="com.myshop.testcases.TC03VerifyAddToCartFunctionality" time="56.159" errors="0" timestamp="2023-07-26T10:14:30 IST" skipped="0">
  <testcase classname="com.myshop.testcases.TC03VerifyAddToCartFunctionality" name="endToEnd" time="56.159"/>
  <system-out/>
</testsuite> <!-- com.myshop.testcases.TC03VerifyAddToCartFunctionality -->
