<?xml version="1.0" encoding="UTF-8"?>
<!-- Generated by org.testng.reporters.JUnitReportReporter -->
<testsuite hostname="DESKTOP-6G9M66L" failures="0" tests="1" name="com.myshop.testcases.HomePageAddToCart" time="54.185" errors="0" timestamp="2023-07-26T09:50:25 IST" skipped="0">
  <testcase classname="com.myshop.testcases.HomePageAddToCart" name="productAddToCart" time="54.185"/>
  <system-out/>
</testsuite> <!-- com.myshop.testcases.HomePageAddToCart -->
